<?xml version="1.0" encoding="UTF-8"?>
<!-- Generated by org.testng.reporters.JUnitXMLReporter -->
<testsuite ignored="4" hostname="pc1106" failures="0" tests="3" name="Test" time="71.005" errors="0" timestamp="2023-12-11T20:49:20 IST">
  <testcase classname="leads_module.CreateLeadTest" name="createLeadAndVerifyInformationTest" time="13.175"/>
  <testcase classname="campaigns_module.CreateCampaignTest" name="createNewCampaignAndVerifyTest" time="13.769"/>
  <testcase classname="opportunities_module.CreateOpportunityTest" name="createOpportunityAndVerifyTest" time="16.961"/>
  <testcase classname="genericUtility.BaseClass" name="@AfterSuite asConfig" time="0.0">
    <ignored/>
  </testcase> <!-- @AfterSuite asConfig -->
  <testcase classname="genericUtility.BaseClass" name="@BeforeSuite bsConfig" time="0.0">
    <ignored/>
  </testcase> <!-- @BeforeSuite bsConfig -->
  <testcase classname="genericUtility.BaseClass" name="@BeforeSuite bsConfig" time="0.0">
    <ignored/>
  </testcase> <!-- @BeforeSuite bsConfig -->
  <testcase classname="genericUtility.BaseClass" name="@AfterSuite asConfig" time="0.0">
    <ignored/>
  </testcase> <!-- @AfterSuite asConfig -->
</testsuite> <!-- Test -->
