<?xml version="1.0" encoding="UTF-8"?>
<testng-results ignored="0" total="1" passed="1" failed="0" skipped="0">
  <reporter-output>
  </reporter-output>
  <suite started-at="2023-12-21T23:23:24 IST" name="Default suite" finished-at="2023-12-21T23:24:10 IST" duration-ms="46054">
    <groups>
    </groups>
    <test started-at="2023-12-21T23:23:24 IST" name="Default test" finished-at="2023-12-21T23:24:10 IST" duration-ms="46054">
      <class name="opportunities_module.CreateOpportunityTest">
        <test-method is-config="true" signature="bsConfig()[pri:0, instance:opportunities_module.CreateOpportunityTest@f78a47e]" started-at="2023-12-21T23:23:24 IST" name="bsConfig" finished-at="2023-12-21T23:23:24 IST" duration-ms="174" status="PASS">
          <reporter-output>
          </reporter-output>
        </test-method> <!-- bsConfig -->
        <test-method is-config="true" signature="bcConfig()[pri:0, instance:opportunities_module.CreateOpportunityTest@f78a47e]" started-at="2023-12-21T23:23:24 IST" name="bcConfig" finished-at="2023-12-21T23:23:27 IST" duration-ms="2612" status="PASS">
          <reporter-output>
          </reporter-output>
        </test-method> <!-- bcConfig -->
        <test-method is-config="true" signature="bmConfig()[pri:0, instance:opportunities_module.CreateOpportunityTest@f78a47e]" started-at="2023-12-21T23:23:27 IST" name="bmConfig" finished-at="2023-12-21T23:23:30 IST" duration-ms="2776" status="PASS">
          <reporter-output>
          </reporter-output>
        </test-method> <!-- bmConfig -->
        <test-method signature="createOpportunityAndVerifyTest()[pri:0, instance:opportunities_module.CreateOpportunityTest@f78a47e]" started-at="2023-12-21T23:23:30 IST" name="createOpportunityAndVerifyTest" finished-at="2023-12-21T23:24:06 IST" duration-ms="36582" status="PASS">
          <reporter-output>
          </reporter-output>
        </test-method> <!-- createOpportunityAndVerifyTest -->
        <test-method is-config="true" signature="amConfig()[pri:0, instance:opportunities_module.CreateOpportunityTest@f78a47e]" started-at="2023-12-21T23:24:06 IST" name="amConfig" finished-at="2023-12-21T23:24:10 IST" duration-ms="3902" status="PASS">
          <reporter-output>
          </reporter-output>
        </test-method> <!-- amConfig -->
        <test-method is-config="true" signature="acConfig()[pri:0, instance:opportunities_module.CreateOpportunityTest@f78a47e]" started-at="2023-12-21T23:24:10 IST" name="acConfig" finished-at="2023-12-21T23:24:10 IST" duration-ms="154" status="PASS">
          <reporter-output>
          </reporter-output>
        </test-method> <!-- acConfig -->
        <test-method is-config="true" signature="asConfig()[pri:0, instance:opportunities_module.CreateOpportunityTest@f78a47e]" started-at="2023-12-21T23:24:10 IST" name="asConfig" finished-at="2023-12-21T23:24:10 IST" duration-ms="6" status="PASS">
          <reporter-output>
          </reporter-output>
        </test-method> <!-- asConfig -->
      </class> <!-- opportunities_module.CreateOpportunityTest -->
    </test> <!-- Default test -->
  </suite> <!-- Default suite -->
</testng-results>
