<?xml version="1.0" encoding="UTF-8"?>
<testng-results ignored="0" total="1" passed="1" failed="0" skipped="0">
  <reporter-output>
  </reporter-output>
  <suite started-at="2023-12-03T23:40:48 IST" name="Default suite" finished-at="2023-12-03T23:41:15 IST" duration-ms="26885">
    <groups>
    </groups>
    <test started-at="2023-12-03T23:40:48 IST" name="Default test" finished-at="2023-12-03T23:41:15 IST" duration-ms="26885">
      <class name="leads_module.CreateLeadTest">
        <test-method is-config="true" signature="bsConfig()[pri:0, instance:leads_module.CreateLeadTest@71ba6d4e]" started-at="2023-12-03T23:40:48 IST" name="bsConfig" finished-at="2023-12-03T23:40:48 IST" duration-ms="12" status="PASS">
          <reporter-output>
          </reporter-output>
        </test-method> <!-- bsConfig -->
        <test-method is-config="true" signature="bcConfig()[pri:0, instance:leads_module.CreateLeadTest@71ba6d4e]" started-at="2023-12-03T23:40:48 IST" name="bcConfig" finished-at="2023-12-03T23:40:50 IST" duration-ms="2702" status="PASS">
          <reporter-output>
          </reporter-output>
        </test-method> <!-- bcConfig -->
        <test-method is-config="true" signature="bmConfig()[pri:0, instance:leads_module.CreateLeadTest@71ba6d4e]" started-at="2023-12-03T23:40:50 IST" name="bmConfig" finished-at="2023-12-03T23:40:54 IST" duration-ms="3676" status="PASS">
          <reporter-output>
          </reporter-output>
        </test-method> <!-- bmConfig -->
        <test-method signature="createLeadAndVerifyInformationTest()[pri:0, instance:leads_module.CreateLeadTest@71ba6d4e]" started-at="2023-12-03T23:40:54 IST" name="createLeadAndVerifyInformationTest" finished-at="2023-12-03T23:41:08 IST" duration-ms="13787" status="PASS">
          <reporter-output>
          </reporter-output>
        </test-method> <!-- createLeadAndVerifyInformationTest -->
        <test-method is-config="true" signature="amConfig()[pri:0, instance:leads_module.CreateLeadTest@71ba6d4e]" started-at="2023-12-03T23:41:08 IST" name="amConfig" finished-at="2023-12-03T23:41:14 IST" duration-ms="6346" status="PASS">
          <reporter-output>
          </reporter-output>
        </test-method> <!-- amConfig -->
        <test-method is-config="true" signature="acConfig()[pri:0, instance:leads_module.CreateLeadTest@71ba6d4e]" started-at="2023-12-03T23:41:14 IST" name="acConfig" finished-at="2023-12-03T23:41:15 IST" duration-ms="297" status="PASS">
          <reporter-output>
          </reporter-output>
        </test-method> <!-- acConfig -->
        <test-method is-config="true" signature="asConfig()[pri:0, instance:leads_module.CreateLeadTest@71ba6d4e]" started-at="2023-12-03T23:41:15 IST" name="asConfig" finished-at="2023-12-03T23:41:15 IST" duration-ms="0" status="PASS">
          <reporter-output>
          </reporter-output>
        </test-method> <!-- asConfig -->
      </class> <!-- leads_module.CreateLeadTest -->
    </test> <!-- Default test -->
  </suite> <!-- Default suite -->
</testng-results>
